c:\users\administrator.xunying2\documents\visual studio 2013\projects\remote-life\remote-life\debug\remote-life.pch
c:\users\administrator.xunying2\documents\visual studio 2013\projects\remote-life\remote-life\debug\vc120.pdb
c:\users\administrator.xunying2\documents\visual studio 2013\projects\remote-life\remote-life\debug\vc120.idb
c:\users\administrator.xunying2\documents\visual studio 2013\projects\remote-life\remote-life\debug\stdafx.obj
c:\users\administrator.xunying2\documents\visual studio 2013\projects\remote-life\remote-life\debug\debug.obj
c:\users\administrator.xunying2\documents\visual studio 2013\projects\remote-life\remote-life\debug\public.obj
c:\users\administrator.xunying2\documents\visual studio 2013\projects\remote-life\remote-life\debug\remote-life.obj
c:\users\administrator.xunying2\documents\visual studio 2013\projects\remote-life\remote-life\debug\winmain.obj
c:\users\administrator.xunying2\documents\visual studio 2013\projects\remote-life\debug\remote-life.ilk
c:\users\administrator.xunying2\documents\visual studio 2013\projects\remote-life\debug\remote-life.exe
c:\users\administrator.xunying2\documents\visual studio 2013\projects\remote-life\debug\remote-life.pdb
c:\users\administrator.xunying2\documents\visual studio 2013\projects\remote-life\remote-life\debug\remote-life.res
c:\users\administrator.xunying2\documents\visual studio 2013\projects\remote-life\remote-life\debug\remote-life.tlog\cl.command.1.tlog
c:\users\administrator.xunying2\documents\visual studio 2013\projects\remote-life\remote-life\debug\remote-life.tlog\cl.read.1.tlog
c:\users\administrator.xunying2\documents\visual studio 2013\projects\remote-life\remote-life\debug\remote-life.tlog\cl.write.1.tlog
c:\users\administrator.xunying2\documents\visual studio 2013\projects\remote-life\remote-life\debug\remote-life.tlog\link.command.1.tlog
c:\users\administrator.xunying2\documents\visual studio 2013\projects\remote-life\remote-life\debug\remote-life.tlog\link.read.1.tlog
c:\users\administrator.xunying2\documents\visual studio 2013\projects\remote-life\remote-life\debug\remote-life.tlog\link.write.1.tlog
c:\users\administrator.xunying2\documents\visual studio 2013\projects\remote-life\remote-life\debug\remote-life.tlog\rc.command.1.tlog
c:\users\administrator.xunying2\documents\visual studio 2013\projects\remote-life\remote-life\debug\remote-life.tlog\rc.read.1.tlog
c:\users\administrator.xunying2\documents\visual studio 2013\projects\remote-life\remote-life\debug\remote-life.tlog\rc.write.1.tlog
